[2026-03-16T04:45:58.874Z] migrate from deprecated API to v2
[2026-03-16T16:35:42.390Z] fix edge case when input array is empty
[2026-03-17T11:29:52.339Z] resolve conflict between middleware handlers
[2026-03-17T11:51:40.528Z] implement connection pooling for database
[2026-03-17T12:47:33.696Z] optimize startup sequence to reduce cold boot time
[2026-03-17T13:57:53.910Z] fix CSS overflow issue on mobile viewport
[2026-03-18T10:14:44.633Z] add edge case tests for boundary values
[2026-03-18T12:43:52.386Z] remove unused packages from package.json
[2026-03-18T14:18:27.032Z] prevent duplicate entries in cache
[2026-03-18T14:53:57.443Z] update changelog for v2.1 release
[2026-03-19T04:19:00.604Z] mock external service calls in test suite
[2026-03-19T11:27:42.160Z] simplify auth middleware chain
[2026-03-19T11:43:57.176Z] handle missing env variable gracefully
[2026-03-19T12:00:16.897Z] add response compression middleware
[2026-03-19T13:13:11.449Z] fix import ordering to match project convention
[2026-03-19T13:38:08.596Z] add snapshot tests for response formats
[2026-03-19T13:48:02.623Z] update lock file after dependency audit
[2026-03-19T16:28:27.919Z] migrate from deprecated API to v2
[2026-03-20T06:46:27.135Z] add retry mechanism with exponential backoff
[2026-03-20T08:36:19.727Z] add Prometheus metrics endpoint
[2026-03-20T11:04:43.940Z] add load testing configuration
[2026-03-20T14:49:58.775Z] reduce memory footprint of worker threads
[2026-03-21T03:47:09.141Z] update prettier config for consistency
[2026-03-21T10:24:48.035Z] add health check endpoint with detailed status
[2026-03-21T12:35:47.570Z] add troubleshooting section to docs
[2026-03-21T14:43:48.322Z] add configurable request timeout
[2026-03-21T15:13:27.828Z] extract validation into separate module
[2026-03-22T06:21:24.713Z] implement connection pooling for database
